# JRE version: OpenJDK Runtime Environment (15.0.2+7) (build 15.0.2+7-27)
# Java VM: OpenJDK 64-Bit Server VM (15.0.2+7-27, mixed mode, tiered, compressed oops, g1 gc, windows-amd64)
GC Precious Log:
 CPUs: 8 total, 8 available
 Memory: 7957M
 Large Page Support: Disabled
 NUMA Support: Disabled
 Compressed Oops: Enabled (32-bit)
 Heap Region Size: 1M
 Heap Min Capacity: 8M
 Heap Initial Capacity: 126M
 Heap Max Capacity: 1990M
 Pre-touch: Disabled
 Parallel Workers: 8
 Concurrent Workers: 2
 Concurrent Refinement Workers: 8
 Periodic GC: Disabled
Heap:
 garbage-first heap   total 40960K, used 11756K [0x0000000083a00000, 0x0000000100000000)
  region size 1024K, 4 young (4096K), 2 survivors (2048K)
 Metaspace       used 25816K, capacity 26102K, committed 26240K, reserved 1073152K
  class space    used 2759K, capacity 2844K, committed 2944K, reserved 1048576K
GC Heap History (8 events):
Event: 0.883 GC heap before
{Heap before GC invocations=0 (full 0):
 garbage-first heap   total 129024K, used 22528K [0x0000000083a00000, 0x0000000100000000)
  region size 1024K, 23 young (23552K), 0 survivors (0K)
 Metaspace       used 12156K, capacity 12249K, committed 12544K, reserved 1060864K
  class space    used 1120K, capacity 1161K, committed 1280K, reserved 1048576K
}
Event: 0.891 GC heap after
{Heap after GC invocations=1 (full 0):
 garbage-first heap   total 129024K, used 7326K [0x0000000083a00000, 0x0000000100000000)
  region size 1024K, 3 young (3072K), 3 survivors (3072K)
 Metaspace       used 12156K, capacity 12249K, committed 12544K, reserved 1060864K
  class space    used 1120K, capacity 1161K, committed 1280K, reserved 1048576K
}
Event: 1.543 GC heap before
{Heap before GC invocations=1 (full 0):
 garbage-first heap   total 129024K, used 31902K [0x0000000083a00000, 0x0000000100000000)
  region size 1024K, 28 young (28672K), 3 survivors (3072K)
 Metaspace       used 20228K, capacity 20437K, committed 20608K, reserved 1067008K
  class space    used 2028K, capacity 2095K, committed 2176K, reserved 1048576K
}
Event: 1.548 GC heap after
{Heap after GC invocations=2 (full 0):
 garbage-first heap   total 129024K, used 9433K [0x0000000083a00000, 0x0000000100000000)
  region size 1024K, 3 young (3072K), 3 survivors (3072K)
 Metaspace       used 20228K, capacity 20437K, committed 20608K, reserved 1067008K
  class space    used 2028K, capacity 2095K, committed 2176K, reserved 1048576K
}
Event: 1.620 GC heap before
{Heap before GC invocations=2 (full 0):
 garbage-first heap   total 129024K, used 14553K [0x0000000083a00000, 0x0000000100000000)
  region size 1024K, 9 young (9216K), 3 survivors (3072K)
 Metaspace       used 20913K, capacity 21112K, committed 21248K, reserved 1069056K
  class space    used 2123K, capacity 2192K, committed 2304K, reserved 1048576K
}
Event: 1.625 GC heap after
{Heap after GC invocations=3 (full 0):
 garbage-first heap   total 129024K, used 9632K [0x0000000083a00000, 0x0000000100000000)
  region size 1024K, 3 young (3072K), 3 survivors (3072K)
 Metaspace       used 20913K, capacity 21112K, committed 21248K, reserved 1069056K
  class space    used 2123K, capacity 2192K, committed 2304K, reserved 1048576K
}
Event: 2.244 GC heap before
{Heap before GC invocations=4 (full 0):
 garbage-first heap   total 40960K, used 31136K [0x0000000083a00000, 0x0000000100000000)
  region size 1024K, 24 young (24576K), 3 survivors (3072K)
 Metaspace       used 25389K, capacity 25648K, committed 25856K, reserved 1073152K
  class space    used 2704K, capacity 2779K, committed 2816K, reserved 1048576K
}
Event: 2.248 GC heap after
{Heap after GC invocations=5 (full 0):
 garbage-first heap   total 40960K, used 10732K [0x0000000083a00000, 0x0000000100000000)
  region size 1024K, 2 young (2048K), 2 survivors (2048K)
 Metaspace       used 25389K, capacity 25648K, committed 25856K, reserved 1073152K
  class space    used 2704K, capacity 2779K, committed 2816K, reserved 1048576K
}

