<?xml version="1.0" encoding="UTF-8"?>
<testng-results ignored="0" total="1" passed="1" failed="0" skipped="0">
  <reporter-output>
  </reporter-output>
  <suite started-at="2022-03-01T15:10:58 PKT" name="InetBankingv1" finished-at="2022-03-01T15:11:18 PKT" duration-ms="19732">
    <groups>
    </groups>
    <test started-at="2022-03-01T15:10:58 PKT" name="BankingApp Test" finished-at="2022-03-01T15:11:18 PKT" duration-ms="19732">
      <class name="testCases.TC_LoginTest_001">
        <test-method is-config="true" signature="setUp(java.lang.String)[pri:0, instance:testCases.TC_LoginTest_001@4f638935]" started-at="2022-03-01T15:10:59 PKT" name="setUp" finished-at="2022-03-01T15:11:13 PKT" duration-ms="14418" status="PASS">
          <params>
            <param index="0">
              <value>
                <![CDATA[chrome]]>
              </value>
            </param>
          </params>
          <reporter-output>
          </reporter-output>
        </test-method> <!-- setUp -->
        <test-method signature="loginTest()[pri:0, instance:testCases.TC_LoginTest_001@4f638935]" started-at="2022-03-01T15:11:13 PKT" name="loginTest" finished-at="2022-03-01T15:11:18 PKT" duration-ms="4711" status="PASS">
          <reporter-output>
          </reporter-output>
        </test-method> <!-- loginTest -->
        <test-method is-config="true" signature="tearDown()[pri:0, instance:testCases.TC_LoginTest_001@4f638935]" started-at="2022-03-01T15:11:18 PKT" name="tearDown" finished-at="2022-03-01T15:11:18 PKT" duration-ms="136" status="PASS">
          <reporter-output>
          </reporter-output>
        </test-method> <!-- tearDown -->
      </class> <!-- testCases.TC_LoginTest_001 -->
    </test> <!-- BankingApp Test -->
  </suite> <!-- InetBankingv1 -->
</testng-results>
