<?xml version="1.0" encoding="UTF-8"?>
<testng-results ignored="0" total="1" passed="1" failed="0" skipped="0">
  <reporter-output>
  </reporter-output>
  <suite started-at="2022-05-04T20:48:36 PKT" name="InetBankingv1" finished-at="2022-05-04T20:48:59 PKT" duration-ms="22892">
    <groups>
    </groups>
    <test started-at="2022-05-04T20:48:36 PKT" name="BankingApp Test" finished-at="2022-05-04T20:48:59 PKT" duration-ms="22892">
      <class name="testCases.TC_LoginTest_001">
        <test-method is-config="true" signature="setUp(java.lang.String)[pri:0, instance:testCases.TC_LoginTest_001@69930714]" started-at="2022-05-04T20:48:37 PKT" name="setUp" finished-at="2022-05-04T20:48:53 PKT" duration-ms="15790" status="PASS">
          <params>
            <param index="0">
              <value>
                <![CDATA[chrome]]>
              </value>
            </param>
          </params>
          <reporter-output>
          </reporter-output>
        </test-method> <!-- setUp -->
        <test-method signature="loginTest()[pri:0, instance:testCases.TC_LoginTest_001@69930714]" started-at="2022-05-04T20:48:53 PKT" name="loginTest" finished-at="2022-05-04T20:48:59 PKT" duration-ms="6573" status="PASS">
          <reporter-output>
          </reporter-output>
        </test-method> <!-- loginTest -->
        <test-method is-config="true" signature="tearDown()[pri:0, instance:testCases.TC_LoginTest_001@69930714]" started-at="2022-05-04T20:48:59 PKT" name="tearDown" finished-at="2022-05-04T20:48:59 PKT" duration-ms="2" status="PASS">
          <reporter-output>
          </reporter-output>
        </test-method> <!-- tearDown -->
      </class> <!-- testCases.TC_LoginTest_001 -->
    </test> <!-- BankingApp Test -->
  </suite> <!-- InetBankingv1 -->
</testng-results>
