<?xml version="1.0" encoding="UTF-8"?>
<testng-results ignored="0" total="1" passed="1" failed="0" skipped="0">
  <reporter-output>
  </reporter-output>
  <suite started-at="2022-04-25T21:09:21 PKT" name="InetBankingv1" finished-at="2022-04-25T21:10:00 PKT" duration-ms="39364">
    <groups>
    </groups>
    <test started-at="2022-04-25T21:09:21 PKT" name="BankingApp Test" finished-at="2022-04-25T21:10:00 PKT" duration-ms="39364">
      <class name="testCases.TC_AddCustomerTest_003">
        <test-method is-config="true" signature="setUp(java.lang.String)[pri:0, instance:testCases.TC_AddCustomerTest_003@c8c12ac]" started-at="2022-04-25T21:09:21 PKT" name="setUp" finished-at="2022-04-25T21:09:41 PKT" duration-ms="19447" status="PASS">
          <params>
            <param index="0">
              <value>
                <![CDATA[chrome]]>
              </value>
            </param>
          </params>
          <reporter-output>
          </reporter-output>
        </test-method> <!-- setUp -->
        <test-method signature="addNewCustomer()[pri:0, instance:testCases.TC_AddCustomerTest_003@c8c12ac]" started-at="2022-04-25T21:09:41 PKT" name="addNewCustomer" finished-at="2022-04-25T21:10:00 PKT" duration-ms="19581" status="PASS">
          <reporter-output>
          </reporter-output>
        </test-method> <!-- addNewCustomer -->
        <test-method is-config="true" signature="tearDown()[pri:0, instance:testCases.TC_AddCustomerTest_003@c8c12ac]" started-at="2022-04-25T21:10:00 PKT" name="tearDown" finished-at="2022-04-25T21:10:00 PKT" duration-ms="0" status="PASS">
          <reporter-output>
          </reporter-output>
        </test-method> <!-- tearDown -->
      </class> <!-- testCases.TC_AddCustomerTest_003 -->
    </test> <!-- BankingApp Test -->
  </suite> <!-- InetBankingv1 -->
</testng-results>
